[11:31:11] [main/INFO] (FabricLoader/GameProvider) Loading Minecraft 1.18.2 with Fabric Loader 0.14.10
[11:31:11] [main/INFO] (FabricLoader) Loading 57 mods:
	- architectury 4.5.75
	- bontech 1.0.0
	- cloth-basic-math 0.6.0
	- cloth-config 6.2.57
	- error_notifier 1.0.9
	- fabric-api 0.66.0+1.18.2
	- fabric-api-base 0.4.4+d7c144a860
	- fabric-api-lookup-api-v1 1.6.2+2373a54560
	- fabric-biome-api-v1 8.0.6+651bcc5960
	- fabric-block-api-v1 1.0.0+ee3621fc60
	- fabric-blockrenderlayer-v1 1.1.12+3ac43d9560
	- fabric-command-api-v1 1.1.9+d7c144a860
	- fabric-commands-v0 0.2.8+b4f4f6cd60
	- fabric-containers-v0 0.1.23+d7c144a860
	- fabric-content-registries-v0 3.1.1+c85f2e3860
	- fabric-convention-tags-v1 1.0.1+474e4f7960
	- fabric-crash-report-info-v1 0.2.1+ee261a3e60
	- fabric-data-generation-api-v1 3.0.2+9fcb91d260
	- fabric-dimensions-v1 2.1.20+489d6f8260
	- fabric-entity-events-v1 1.4.8+d7c144a860
	- fabric-events-interaction-v0 0.4.19+d7c144a860
	- fabric-events-lifecycle-v0 0.2.19+d7c144a860
	- fabric-game-rule-api-v1 1.0.13+d7c144a860
	- fabric-gametest-api-v1 1.0.19+91b7aa6660
	- fabric-item-api-v1 1.5.2+17cbbd4360
	- fabric-item-groups-v0 0.3.14+91896a4960
	- fabric-key-binding-api-v1 1.0.12+54e5b2ec60
	- fabric-keybindings-v0 0.2.10+b4f4f6cd60
	- fabric-lifecycle-events-v1 2.1.0+cc71601c60
	- fabric-loot-api-v2 1.1.0+1997ad1260
	- fabric-loot-tables-v1 1.1.2+e747827960
	- fabric-mining-level-api-v1 2.1.4+cc71601c60
	- fabric-models-v0 0.3.6+d7c144a860
	- fabric-networking-api-v1 1.0.23+2d30af4b60
	- fabric-networking-v0 0.3.10+b4f4f6cd60
	- fabric-object-builder-api-v1 2.1.3+032c981d60
	- fabric-particles-v1 0.2.12+526dc1ac60
	- fabric-registry-sync-v0 0.9.11+bb2e047760
	- fabric-renderer-api-v1 0.4.15+ee3621fc60
	- fabric-renderer-indigo 0.5.5+41a02c8a60
	- fabric-renderer-registries-v1 3.2.11+b4f4f6cd60
	- fabric-rendering-data-attachment-v1 0.3.8+ee3621fc60
	- fabric-rendering-fluids-v1 2.0.2+54e5b2ec60
	- fabric-rendering-v0 1.1.13+b4f4f6cd60
	- fabric-rendering-v1 1.10.7+54e5b2ec60
	- fabric-resource-conditions-api-v1 2.0.3+91b7aa6660
	- fabric-resource-loader-v0 0.5.2+446e059560
	- fabric-screen-api-v1 1.0.10+d882b91560
	- fabric-screen-handler-api-v1 1.2.2+1f6558e860
	- fabric-textures-v0 1.0.12+3ac43d9560
	- fabric-transfer-api-v1 1.6.3+f4563ac860
	- fabric-transitive-access-wideners-v1 1.1.0+e747827960
	- fabricloader 0.14.10
	- java 17
	- minecraft 1.18.2
	- modmenu 3.2.3
	- roughlyenoughitems 8.3.549
[11:31:12] [main/INFO] (FabricLoader/Mixin) SpongePowered MIXIN Subsystem Version=0.8.5 Source=file:/C:/Users/Aquamarine/.gradle/caches/modules-2/files-2.1/net.fabricmc/sponge-mixin/0.11.4+mixin.0.8.5/c1dc27696aa4006e492c2485c9ccbcb26045a971/sponge-mixin-0.11.4+mixin.0.8.5.jar Service=Knot/Fabric Env=CLIENT
[11:31:12] [main/INFO] (FabricLoader/Mixin) Loaded Fabric development mappings for mixin remapper!
[11:31:12] [main/INFO] (FabricLoader/Mixin) Compatibility level set to JAVA_16
[11:31:12] [main/INFO] (FabricLoader/Mixin) Compatibility level set to JAVA_17
[11:31:13] [main/WARN] (FileUtil) Configuration conflict: there is more than one oshi.properties file on the classpath
[11:31:13] [main/WARN] (FileUtil) Configuration conflict: there is more than one oshi.architecture.properties file on the classpath
[11:31:23] [Render thread/INFO] (Minecraft) Environment: authHost='https://authserver.mojang.com', accountsHost='https://api.mojang.com', sessionHost='https://sessionserver.mojang.com', servicesHost='https://api.minecraftservices.com', name='PROD'
[11:31:23] [Render thread/ERROR] (Minecraft) Failed to verify authentication
com.mojang.authlib.exceptions.InvalidCredentialsException: Status: 401
	at com.mojang.authlib.exceptions.MinecraftClientHttpException.toAuthenticationException(MinecraftClientHttpException.java:56) ~[authlib-3.3.39.jar:?]
	at com.mojang.authlib.yggdrasil.YggdrasilUserApiService.fetchProperties(YggdrasilUserApiService.java:132) ~[authlib-3.3.39.jar:?]
	at com.mojang.authlib.yggdrasil.YggdrasilUserApiService.<init>(YggdrasilUserApiService.java:44) ~[authlib-3.3.39.jar:?]
	at com.mojang.authlib.yggdrasil.YggdrasilAuthenticationService.createUserApiService(YggdrasilAuthenticationService.java:153) ~[authlib-3.3.39.jar:?]
	at net.minecraft.client.MinecraftClient.createUserApiService(MinecraftClient.java:680) [minecraft-project-@-merged-named.jar:?]
	at net.minecraft.client.MinecraftClient.<init>(MinecraftClient.java:424) [minecraft-project-@-merged-named.jar:?]
	at net.minecraft.client.main.Main.main(Main.java:197) [minecraft-project-@-merged-named.jar:?]
	at net.fabricmc.loader.impl.game.minecraft.MinecraftGameProvider.launch(MinecraftGameProvider.java:461) [fabric-loader-0.14.10.jar:?]
	at net.fabricmc.loader.impl.launch.knot.Knot.launch(Knot.java:74) [fabric-loader-0.14.10.jar:?]
	at net.fabricmc.loader.impl.launch.knot.KnotClient.main(KnotClient.java:23) [fabric-loader-0.14.10.jar:?]
	at net.fabricmc.devlaunchinjector.Main.main(Main.java:86) [dev-launch-injector-0.2.1+build.8.jar:?]
Caused by: com.mojang.authlib.exceptions.MinecraftClientHttpException: Status: 401
	at com.mojang.authlib.minecraft.client.MinecraftClient.readInputStream(MinecraftClient.java:80) ~[authlib-3.3.39.jar:?]
	at com.mojang.authlib.minecraft.client.MinecraftClient.get(MinecraftClient.java:48) ~[authlib-3.3.39.jar:?]
	at com.mojang.authlib.yggdrasil.YggdrasilUserApiService.fetchProperties(YggdrasilUserApiService.java:113) ~[authlib-3.3.39.jar:?]
	... 9 more
[11:31:23] [Render thread/INFO] (Minecraft) Setting user: Player879
[11:31:24] [Render thread/INFO] (BonTech) alkaline_earth_metals.json
[11:31:24] [Render thread/INFO] (BonTech) alkali_metals.json
[11:31:24] [Render thread/INFO] (BonTech) halogen.json
[11:31:24] [Render thread/INFO] (BonTech) metalloids.json
[11:31:24] [Render thread/INFO] (BonTech) noble_gasses.json
[11:31:24] [Render thread/INFO] (BonTech) nonmetals.json
[11:31:24] [Render thread/INFO] (BonTech) post_transition_metals.json
[11:31:24] [Render thread/INFO] (BonTech) transition_metals.json
[11:31:24] [Render thread/INFO] (BonTech) Registering Items
[11:31:25] [Render thread/INFO] (REI) [REI] Config loaded
[11:31:26] [Render thread/INFO] (REI) [REI] Registered plugin provider DefaultPlugin [roughlyenoughitems] for REIPlugin
[11:31:26] [Render thread/INFO] (REI) [REI] Registered plugin provider DefaultRuntimePlugin [roughlyenoughitems] for REIPlugin
[11:31:26] [Render thread/INFO] (REI) [REI] Registered plugin provider DefaultClientPlugin [roughlyenoughitems] for REIPlugin
[11:31:26] [Render thread/INFO] (REI) [REI] Registered plugin provider DefaultClientRuntimePlugin [roughlyenoughitems] for REIPlugin
[11:31:26] [Render thread/INFO] (REI) [REI] Registered plugin provider DefaultPlugin [roughlyenoughitems] for REIServerPlugin
[11:31:26] [Render thread/INFO] (REI) [REI] Registered plugin provider DefaultRuntimePlugin [roughlyenoughitems] for REIServerPlugin
[11:31:26] [Render thread/INFO] (REI) [REI] Registered plugin provider FabricFluidAPISupportPlugin for REIServerPlugin
[11:31:26] [Render thread/INFO] (REI) [REI] Registered plugin provider FabricFluidAPISupportPlugin for REIPlugin
[11:31:26] [Render thread/INFO] (Indigo) [Indigo] Registering Indigo renderer!
[11:31:27] [Render thread/INFO] (BonTech) Registering Color Providers
[11:31:27] [Render thread/INFO] (REI) [REI] Registered plugin provider DefaultClientPlugin [roughlyenoughitems] for REIClientPlugin
[11:31:27] [Render thread/INFO] (REI) [REI] Registered plugin provider DefaultClientRuntimePlugin [roughlyenoughitems] for REIClientPlugin
[11:31:28] [Render thread/INFO] (Minecraft) Backend library: LWJGL version 3.2.2 build 10
[11:31:31] [Render thread/INFO] (Minecraft) Narrator library for x64 successfully loaded
[11:31:32] [Render thread/INFO] (Minecraft) Reloading ResourceManager: Default, Fabric Mods (Fabric Renderer API (v1), Fabric Data Generation API (v1), Fabric Registry Sync (v0), Mod Menu, Fabric API Lookup API (v1), Fabric Mining Level API (v1), Fabric Biome API (v1), Fabric Containers (v0), Fabric Events Interaction (v0), Fabric Item API (v1), Fabric Loot API (v2), Fabric Rendering Data Attachment (v1), Fabric Transfer API (v1), Fabric Renderer - Indigo, Fabric Transitive Access Wideners (v1), Fabric Renderer Registries (v1), Fabric Screen API (v1), Fabric Dimensions API (v1), Fabric Lifecycle Events (v1), Bontech, Fabric Convention Tags, Roughly Enough Items, Fabric Game Rule API (v1), Fabric Textures (v0), Fabric Content Registries (v0), Fabric Loader, Fabric API Base, Fabric Key Binding API (v1), Cloth Config v6, Fabric Screen Handler API (v1), Fabric Object Builder API (v1), Fabric Rendering Fluids (v1), Fabric Loot Tables (v1), Fabric Entity Events (v1), Fabric Resource Conditions API (v1), Fabric Crash Report Info (v1), Fabric Command API (v1), Fabric Item Groups (v0), Fabric Particles (v1), Fabric Commands (v0), Fabric Resource Loader (v0), Fabric BlockRenderLayer Registration (v1), Fabric Networking (v0), Fabric Rendering (v1), Fabric Events Lifecycle (v0), Fabric API, Fabric Networking API (v1), Fabric Key Bindings (v0), Fabric Game Test API (v1), Fabric Rendering (v0), Fabric Models (v0))
[11:31:32] [Realms Notification Availability checker #1/INFO] (Minecraft) Could not authorize you against Realms server: Invalid session id
[11:31:32] [Worker-Main-32/WARN] (Minecraft) Exception loading blockstate definition: bontech:blockstates/anvil.json: java.io.FileNotFoundException: bontech:blockstates/anvil.json
[11:31:32] [Worker-Main-32/WARN] (Minecraft) Exception loading blockstate definition: 'bontech:blockstates/anvil.json' missing model for variant: 'bontech:anvil#'
[11:31:32] [Worker-Main-32/WARN] (Minecraft) Exception loading blockstate definition: bontech:blockstates/clay.json: java.io.FileNotFoundException: bontech:blockstates/clay.json
[11:31:32] [Worker-Main-32/WARN] (Minecraft) Exception loading blockstate definition: 'bontech:blockstates/clay.json' missing model for variant: 'bontech:clay#'
[11:31:32] [Worker-Main-32/WARN] (Minecraft) Exception loading blockstate definition: 'bontech:blockstates/bloomery.json' in resourcepack: 'Bontech' for variant: 'age=5': Unknown blockstate property: 'age'
[11:31:32] [Worker-Main-32/WARN] (Minecraft) Exception loading blockstate definition: 'bontech:blockstates/bloomery.json' in resourcepack: 'Bontech' for variant: 'age=4': Unknown blockstate property: 'age'
[11:31:32] [Worker-Main-32/WARN] (Minecraft) Exception loading blockstate definition: 'bontech:blockstates/bloomery.json' in resourcepack: 'Bontech' for variant: 'age=3': Unknown blockstate property: 'age'
[11:31:32] [Worker-Main-32/WARN] (Minecraft) Exception loading blockstate definition: 'bontech:blockstates/bloomery.json' in resourcepack: 'Bontech' for variant: 'age=2': Unknown blockstate property: 'age'
[11:31:32] [Worker-Main-32/WARN] (Minecraft) Exception loading blockstate definition: 'bontech:blockstates/bloomery.json' in resourcepack: 'Bontech' for variant: 'age=1': Unknown blockstate property: 'age'
[11:31:32] [Worker-Main-32/WARN] (Minecraft) Exception loading blockstate definition: 'bontech:blockstates/bloomery.json' in resourcepack: 'Bontech' for variant: 'age=0': Unknown blockstate property: 'age'
[11:31:32] [Worker-Main-32/WARN] (Minecraft) Exception loading blockstate definition: 'bontech:blockstates/bloomery.json' in resourcepack: 'Bontech' for variant: 'age=7': Unknown blockstate property: 'age'
[11:31:32] [Worker-Main-32/WARN] (Minecraft) Exception loading blockstate definition: 'bontech:blockstates/bloomery.json' in resourcepack: 'Bontech' for variant: 'age=6': Unknown blockstate property: 'age'
[11:31:32] [Worker-Main-32/WARN] (Minecraft) Exception loading blockstate definition: 'bontech:blockstates/bloomery.json' missing model for variant: 'bontech:bloomery#'
[11:31:32] [Worker-Main-32/WARN] (Minecraft) Unable to load model: 'bontech:arsenic_#inventory' referenced from: bontech:arsenic_#inventory: java.io.FileNotFoundException: bontech:models/item/arsenic_.json
[11:31:32] [Worker-Main-32/WARN] (Minecraft) Unable to load model: 'bontech:sulfur_#inventory' referenced from: bontech:sulfur_#inventory: java.io.FileNotFoundException: bontech:models/item/sulfur_.json
[11:31:32] [Worker-Main-32/WARN] (Minecraft) Unable to load model: 'bontech:anvil#inventory' referenced from: bontech:anvil#inventory: java.io.FileNotFoundException: bontech:models/item/anvil.json
[11:31:32] [Worker-Main-32/WARN] (Minecraft) Unable to load model: 'bontech:barium_nugget#inventory' referenced from: bontech:barium_nugget#inventory: java.io.FileNotFoundException: bontech:models/item/barium_nugget.json
[11:31:32] [Worker-Main-32/WARN] (Minecraft) Unable to load model: 'bontech:nitrogen_#inventory' referenced from: bontech:nitrogen_#inventory: java.io.FileNotFoundException: bontech:models/item/nitrogen_.json
[11:31:32] [Worker-Main-32/WARN] (Minecraft) Unable to load model: 'bontech:boron_#inventory' referenced from: bontech:boron_#inventory: java.io.FileNotFoundException: bontech:models/item/boron_.json
[11:31:32] [Worker-Main-32/WARN] (Minecraft) Unable to load model: 'bontech:silica_sand#inventory' referenced from: bontech:silica_sand#inventory: java.io.FileNotFoundException: bontech:models/item/silica_sand.json
[11:31:32] [Worker-Main-32/WARN] (Minecraft) Unable to load model: 'bontech:clay#inventory' referenced from: bontech:clay#inventory: java.io.FileNotFoundException: bontech:models/item/clay.json
[11:31:32] [Worker-Main-32/WARN] (Minecraft) Unable to load model: 'bontech:selenium_#inventory' referenced from: bontech:selenium_#inventory: java.io.FileNotFoundException: bontech:models/item/selenium_.json
[11:31:32] [Worker-Main-32/WARN] (Minecraft) Unable to load model: 'bontech:barium_ingot#inventory' referenced from: bontech:barium_ingot#inventory: java.io.FileNotFoundException: bontech:models/item/barium_ingot.json
[11:31:32] [Worker-Main-32/WARN] (Minecraft) Unable to load model: 'bontech:caesium_ingot#inventory' referenced from: bontech:caesium_ingot#inventory: java.io.FileNotFoundException: bontech:models/item/caesium_ingot.json
[11:31:32] [Worker-Main-32/WARN] (Minecraft) Unable to load model: 'bontech:phosphorus_#inventory' referenced from: bontech:phosphorus_#inventory: java.io.FileNotFoundException: bontech:models/item/phosphorus_.json
[11:31:32] [Worker-Main-32/WARN] (Minecraft) Unable to load model: 'bontech:radium_ingot#inventory' referenced from: bontech:radium_ingot#inventory: java.io.FileNotFoundException: bontech:models/item/radium_ingot.json
[11:31:32] [Worker-Main-32/WARN] (Minecraft) Unable to load model: 'bontech:oxygen_#inventory' referenced from: bontech:oxygen_#inventory: java.io.FileNotFoundException: bontech:models/item/oxygen_.json
[11:31:32] [Worker-Main-32/WARN] (Minecraft) Unable to load model: 'bontech:caesium_nugget#inventory' referenced from: bontech:caesium_nugget#inventory: java.io.FileNotFoundException: bontech:models/item/caesium_nugget.json
[11:31:32] [Worker-Main-32/WARN] (Minecraft) Unable to load model: 'bontech:rubidium_nugget#inventory' referenced from: bontech:rubidium_nugget#inventory: java.io.FileNotFoundException: bontech:models/item/rubidium_nugget.json
[11:31:32] [Worker-Main-32/WARN] (Minecraft) Unable to load model: 'bontech:bloomery#inventory' referenced from: bontech:bloomery#inventory: java.io.FileNotFoundException: bontech:models/item/bloomery.json
[11:31:32] [Worker-Main-32/WARN] (Minecraft) Unable to load model: 'bontech:carbon_#inventory' referenced from: bontech:carbon_#inventory: java.io.FileNotFoundException: bontech:models/item/carbon_.json
[11:31:32] [Worker-Main-32/WARN] (Minecraft) Unable to load model: 'bontech:tellurium_#inventory' referenced from: bontech:tellurium_#inventory: java.io.FileNotFoundException: bontech:models/item/tellurium_.json
[11:31:32] [Worker-Main-32/WARN] (Minecraft) Unable to load model: 'bontech:rubidium_ingot#inventory' referenced from: bontech:rubidium_ingot#inventory: java.io.FileNotFoundException: bontech:models/item/rubidium_ingot.json
[11:31:32] [Worker-Main-32/WARN] (Minecraft) Unable to load model: 'bontech:radium_nugget#inventory' referenced from: bontech:radium_nugget#inventory: java.io.FileNotFoundException: bontech:models/item/radium_nugget.json
[11:31:32] [Worker-Main-32/WARN] (Minecraft) Unable to load model: 'bontech:aluminum_#inventory' referenced from: bontech:aluminum_#inventory: java.io.FileNotFoundException: bontech:models/item/aluminum_.json
[11:31:32] [Worker-Main-32/WARN] (Minecraft) Unable to load model: 'bontech:polonium_#inventory' referenced from: bontech:polonium_#inventory: java.io.FileNotFoundException: bontech:models/item/polonium_.json
[11:31:32] [Worker-Main-32/WARN] (Minecraft) Unable to load model: 'bontech:oganesson_gas#inventory' referenced from: bontech:oganesson_gas#inventory: java.io.FileNotFoundException: bontech:models/item/oganesson_gas.json
[11:31:32] [Worker-Main-32/WARN] (Minecraft) Unable to load model: 'bontech:hydrogen_#inventory' referenced from: bontech:hydrogen_#inventory: java.io.FileNotFoundException: bontech:models/item/hydrogen_.json
[11:31:32] [Worker-Main-32/WARN] (Minecraft) Unable to load model: 'bontech:antimony_#inventory' referenced from: bontech:antimony_#inventory: java.io.FileNotFoundException: bontech:models/item/antimony_.json
[11:31:32] [Worker-Main-32/WARN] (Minecraft) Unable to load model: 'bontech:limestone_powder#inventory' referenced from: bontech:limestone_powder#inventory: java.io.FileNotFoundException: bontech:models/item/limestone_powder.json
[11:31:32] [Worker-Main-32/WARN] (Minecraft) Unable to load model: 'bontech:germanium_#inventory' referenced from: bontech:germanium_#inventory: java.io.FileNotFoundException: bontech:models/item/germanium_.json
[11:31:32] [Worker-Main-32/WARN] (Minecraft) Unable to load model: 'bontech:tennessine_liquid#inventory' referenced from: bontech:tennessine_liquid#inventory: java.io.FileNotFoundException: bontech:models/item/tennessine_liquid.json
[11:31:32] [Worker-Main-32/WARN] (Minecraft) Unable to load model: 'bontech:silicon_#inventory' referenced from: bontech:silicon_#inventory: java.io.FileNotFoundException: bontech:models/item/silicon_.json
[11:31:32] [Worker-Main-32/WARN] (Minecraft) Unable to resolve texture reference: #missing in bontech:block/machine_frame_new
[11:31:32] [Worker-Main-32/WARN] (Minecraft) Unable to resolve texture reference: #missing in bontech:item/machine_frame
[11:31:32] [Worker-Main-39/ERROR] (Minecraft) Using missing texture, unable to load minecraft:textures/item/air.png : java.io.FileNotFoundException: minecraft:textures/item/air.png
[11:31:32] [Render thread/INFO] (Minecraft) OpenAL initialized on device OpenAL Soft on MSI G273Q (NVIDIA High Definition Audio)
[11:31:32] [Render thread/INFO] (Minecraft) Sound engine started
[11:31:32] [Render thread/INFO] (Minecraft) Created: 1024x1024x4 minecraft:textures/atlas/blocks.png-atlas
[11:31:33] [Render thread/INFO] (Minecraft) Created: 256x128x4 minecraft:textures/atlas/signs.png-atlas
[11:31:33] [Render thread/INFO] (Minecraft) Created: 1024x512x4 minecraft:textures/atlas/banner_patterns.png-atlas
[11:31:33] [Render thread/INFO] (Minecraft) Created: 1024x512x4 minecraft:textures/atlas/shield_patterns.png-atlas
[11:31:33] [Render thread/INFO] (Minecraft) Created: 256x256x4 minecraft:textures/atlas/chest.png-atlas
[11:31:33] [Render thread/INFO] (Minecraft) Created: 512x256x4 minecraft:textures/atlas/beds.png-atlas
[11:31:33] [Render thread/INFO] (Minecraft) Created: 512x256x4 minecraft:textures/atlas/shulker_boxes.png-atlas
[11:31:33] [Render thread/INFO] (Minecraft) Created: 256x256x0 minecraft:textures/atlas/particles.png-atlas
[11:31:33] [Render thread/INFO] (Minecraft) Created: 256x256x0 minecraft:textures/atlas/paintings.png-atlas
[11:31:33] [Render thread/INFO] (Minecraft) Created: 256x128x0 minecraft:textures/atlas/mob_effects.png-atlas
[11:32:53] [Render thread/WARN] (Minecraft) Ambiguity between arguments [teleport, location] and [teleport, destination] with inputs: [0.1 -0.5 .9, 0 0 0]
[11:32:53] [Render thread/WARN] (Minecraft) Ambiguity between arguments [teleport, location] and [teleport, targets] with inputs: [0.1 -0.5 .9, 0 0 0]
[11:32:53] [Render thread/WARN] (Minecraft) Ambiguity between arguments [teleport, destination] and [teleport, targets] with inputs: [Player, 0123, @e, dd12be42-52a9-4a91-a8a1-11c01849e498]
[11:32:53] [Render thread/WARN] (Minecraft) Ambiguity between arguments [teleport, targets] and [teleport, destination] with inputs: [Player, 0123, dd12be42-52a9-4a91-a8a1-11c01849e498]
[11:32:53] [Render thread/WARN] (Minecraft) Ambiguity between arguments [teleport, targets, location] and [teleport, targets, destination] with inputs: [0.1 -0.5 .9, 0 0 0]
[11:32:53] [Render thread/INFO] (Minecraft) Loaded 7 recipes
[11:32:54] [Render thread/INFO] (Minecraft) Loaded 1141 advancements
[11:32:54] [Render thread/INFO] (Minecraft) Environment: authHost='https://authserver.mojang.com', accountsHost='https://api.mojang.com', sessionHost='https://sessionserver.mojang.com', servicesHost='https://api.minecraftservices.com', name='PROD'
[11:32:54] [Render thread/INFO] (BiomeModificationImpl) Applied 0 biome modifications to 0 of 61 new biomes in 2.035 ms
[11:32:54] [Server thread/INFO] (Minecraft) Starting integrated minecraft server version 1.18.2
[11:32:54] [Server thread/INFO] (Minecraft) Generating keypair
[11:32:54] [Server thread/INFO] (Minecraft) Preparing start region for dimension minecraft:overworld
[11:32:55] [Render thread/INFO] (Minecraft) Preparing spawn area: 0%
[11:32:55] [Render thread/INFO] (Minecraft) Preparing spawn area: 0%
[11:32:55] [Render thread/INFO] (Minecraft) Preparing spawn area: 30%
[11:32:56] [Render thread/INFO] (Minecraft) Time elapsed: 1346 ms
[11:32:56] [Server thread/INFO] (Minecraft) Changing view distance to 12, from 10
[11:32:56] [Server thread/INFO] (Minecraft) Changing simulation distance to 12, from 0
[11:32:56] [Server thread/INFO] (Minecraft) Player879[local:E:1f4f1448] logged in with entity id 1 at (4.5, 56.0, -3.5)
[11:32:56] [Server thread/INFO] (Minecraft) Player879 joined the game
[11:32:57] [REI-ReloadPlugins/INFO] (REI) [REI] Reloading Plugin Manager [REIPlugin] stage [START], registered 5 plugins: DefaultRuntimePlugin [roughlyenoughitems], DefaultClientRuntimePlugin [roughlyenoughitems], FabricFluidAPISupportPlugin, DefaultPlugin [roughlyenoughitems], DefaultClientPlugin [roughlyenoughitems]
[11:32:57] [REI-ReloadPlugins/INFO] (REI) [REI] Reloading Plugin Manager [REIClientPlugin] stage [START], registered 2 plugins: DefaultClientRuntimePlugin [roughlyenoughitems], DefaultClientPlugin [roughlyenoughitems]
[11:32:57] [REI-ReloadPlugins/INFO] (REI) [REI] Reloading Plugin Manager [REIServerPlugin] stage [START], registered 3 plugins: DefaultRuntimePlugin [roughlyenoughitems], FabricFluidAPISupportPlugin, DefaultPlugin [roughlyenoughitems]
[11:32:57] [REI-ReloadPlugins/INFO] (REI) [REI] Reloaded Plugin Manager [REIPlugin] with 5 plugins in 98.87 ms.
[11:32:57] [REI-ReloadPlugins/INFO] (REI) [REI] Reloaded Plugin Manager [REIClientPlugin] with 2 plugins in 198.6 ms.
[11:32:57] [REI-ReloadPlugins/INFO] (REI) [REI] Reloaded Plugin Manager [REIServerPlugin] with 3 plugins in 2.497 ms.
[11:32:57] [Render thread/WARN] (REI) [REI] Suppressing Reload Plugins of stage START
[11:32:57] [REI-ReloadPlugins/INFO] (REI) [REI] Reloading Plugin Manager [REIPlugin] stage [END], registered 5 plugins: DefaultRuntimePlugin [roughlyenoughitems], DefaultClientRuntimePlugin [roughlyenoughitems], FabricFluidAPISupportPlugin, DefaultPlugin [roughlyenoughitems], DefaultClientPlugin [roughlyenoughitems]
[11:32:57] [REI-ReloadPlugins/INFO] (REI) [REI] Reloading Plugin Manager [REIClientPlugin] stage [END], registered 2 plugins: DefaultClientRuntimePlugin [roughlyenoughitems], DefaultClientPlugin [roughlyenoughitems]
[11:32:57] [Render thread/INFO] (Minecraft) Loaded 0 advancements
[11:32:57] [REI-ReloadPlugins/INFO] (REI) [REI] Reloading Plugin Manager [REIServerPlugin] stage [END], registered 3 plugins: DefaultRuntimePlugin [roughlyenoughitems], FabricFluidAPISupportPlugin, DefaultPlugin [roughlyenoughitems]
[11:32:57] [REI-ReloadPlugins/INFO] (REI) [REI] Reloaded Plugin Manager [REIPlugin] with 5 plugins in 54.57 ms.
[11:32:57] [REI-ReloadPlugins/INFO] (REI) [REI] Reloaded Plugin Manager [REIClientPlugin] with 2 plugins in 259.6 ms.
[11:32:57] [REI-ReloadPlugins/INFO] (REI) [REI] Reloaded Plugin Manager [REIServerPlugin] with 3 plugins in 10.38 ms.
[11:32:59] [Server thread/INFO] (Minecraft) Saving and pausing game...
[11:32:59] [Server thread/INFO] (Minecraft) Saving chunks for level 'ServerLevel[Test]'/minecraft:overworld
[11:32:59] [Server thread/INFO] (Minecraft) Saving chunks for level 'ServerLevel[Test]'/minecraft:the_end
[11:32:59] [Server thread/INFO] (Minecraft) Saving chunks for level 'ServerLevel[Test]'/minecraft:the_nether
[11:49:14] [Server thread/INFO] (Minecraft) Saving and pausing game...
[11:49:14] [Server thread/INFO] (Minecraft) Saving chunks for level 'ServerLevel[Test]'/minecraft:overworld
[11:49:14] [Server thread/INFO] (Minecraft) Saving chunks for level 'ServerLevel[Test]'/minecraft:the_end
[11:49:14] [Server thread/INFO] (Minecraft) Saving chunks for level 'ServerLevel[Test]'/minecraft:the_nether
[11:49:16] [Server thread/INFO] (Minecraft) Player879 lost connection: Disconnected
[11:49:16] [Server thread/INFO] (Minecraft) Player879 left the game
[11:49:16] [Server thread/INFO] (Minecraft) Stopping singleplayer server as player logged out
[11:49:16] [Server thread/INFO] (Minecraft) Stopping server
[11:49:16] [Server thread/INFO] (Minecraft) Saving players
[11:49:16] [Server thread/INFO] (Minecraft) Saving worlds
[11:49:17] [Server thread/INFO] (Minecraft) Saving chunks for level 'ServerLevel[Test]'/minecraft:overworld
[11:49:17] [Server thread/INFO] (Minecraft) Saving chunks for level 'ServerLevel[Test]'/minecraft:the_end
[11:49:17] [Server thread/INFO] (Minecraft) Saving chunks for level 'ServerLevel[Test]'/minecraft:the_nether
[11:49:17] [Server thread/INFO] (Minecraft) ThreadedAnvilChunkStorage (Test): All chunks are saved
[11:49:17] [Server thread/INFO] (Minecraft) ThreadedAnvilChunkStorage (DIM1): All chunks are saved
[11:49:17] [Server thread/INFO] (Minecraft) ThreadedAnvilChunkStorage (DIM-1): All chunks are saved
[11:49:17] [Server thread/INFO] (Minecraft) ThreadedAnvilChunkStorage: All dimensions are saved
[11:49:17] [Render thread/INFO] (Minecraft) Stopping!
