[15:16:07] [main/INFO] (FabricLoader/GameProvider) Loading Minecraft 1.18.2 with Fabric Loader 0.14.10
[15:16:07] [main/INFO] (FabricLoader) Loading 57 mods:
	- architectury 4.5.75
	- bontech 1.0.0
	- cloth-basic-math 0.6.0
	- cloth-config 6.2.57
	- error_notifier 1.0.9
	- fabric-api 0.66.0+1.18.2
	- fabric-api-base 0.4.4+d7c144a860
	- fabric-api-lookup-api-v1 1.6.2+2373a54560
	- fabric-biome-api-v1 8.0.6+651bcc5960
	- fabric-block-api-v1 1.0.0+ee3621fc60
	- fabric-blockrenderlayer-v1 1.1.12+3ac43d9560
	- fabric-command-api-v1 1.1.9+d7c144a860
	- fabric-commands-v0 0.2.8+b4f4f6cd60
	- fabric-containers-v0 0.1.23+d7c144a860
	- fabric-content-registries-v0 3.1.1+c85f2e3860
	- fabric-convention-tags-v1 1.0.1+474e4f7960
	- fabric-crash-report-info-v1 0.2.1+ee261a3e60
	- fabric-data-generation-api-v1 3.0.2+9fcb91d260
	- fabric-dimensions-v1 2.1.20+489d6f8260
	- fabric-entity-events-v1 1.4.8+d7c144a860
	- fabric-events-interaction-v0 0.4.19+d7c144a860
	- fabric-events-lifecycle-v0 0.2.19+d7c144a860
	- fabric-game-rule-api-v1 1.0.13+d7c144a860
	- fabric-gametest-api-v1 1.0.19+91b7aa6660
	- fabric-item-api-v1 1.5.2+17cbbd4360
	- fabric-item-groups-v0 0.3.14+91896a4960
	- fabric-key-binding-api-v1 1.0.12+54e5b2ec60
	- fabric-keybindings-v0 0.2.10+b4f4f6cd60
	- fabric-lifecycle-events-v1 2.1.0+cc71601c60
	- fabric-loot-api-v2 1.1.0+1997ad1260
	- fabric-loot-tables-v1 1.1.2+e747827960
	- fabric-mining-level-api-v1 2.1.4+cc71601c60
	- fabric-models-v0 0.3.6+d7c144a860
	- fabric-networking-api-v1 1.0.23+2d30af4b60
	- fabric-networking-v0 0.3.10+b4f4f6cd60
	- fabric-object-builder-api-v1 2.1.3+032c981d60
	- fabric-particles-v1 0.2.12+526dc1ac60
	- fabric-registry-sync-v0 0.9.11+bb2e047760
	- fabric-renderer-api-v1 0.4.15+ee3621fc60
	- fabric-renderer-indigo 0.5.5+41a02c8a60
	- fabric-renderer-registries-v1 3.2.11+b4f4f6cd60
	- fabric-rendering-data-attachment-v1 0.3.8+ee3621fc60
	- fabric-rendering-fluids-v1 2.0.2+54e5b2ec60
	- fabric-rendering-v0 1.1.13+b4f4f6cd60
	- fabric-rendering-v1 1.10.7+54e5b2ec60
	- fabric-resource-conditions-api-v1 2.0.3+91b7aa6660
	- fabric-resource-loader-v0 0.5.2+446e059560
	- fabric-screen-api-v1 1.0.10+d882b91560
	- fabric-screen-handler-api-v1 1.2.2+1f6558e860
	- fabric-textures-v0 1.0.12+3ac43d9560
	- fabric-transfer-api-v1 1.6.3+f4563ac860
	- fabric-transitive-access-wideners-v1 1.1.0+e747827960
	- fabricloader 0.14.10
	- java 17
	- minecraft 1.18.2
	- modmenu 3.2.3
	- roughlyenoughitems 8.3.549
[15:16:07] [main/INFO] (FabricLoader/Mixin) SpongePowered MIXIN Subsystem Version=0.8.5 Source=file:/C:/Users/Aquamarine/.gradle/caches/modules-2/files-2.1/net.fabricmc/sponge-mixin/0.11.4+mixin.0.8.5/c1dc27696aa4006e492c2485c9ccbcb26045a971/sponge-mixin-0.11.4+mixin.0.8.5.jar Service=Knot/Fabric Env=CLIENT
[15:16:07] [main/INFO] (FabricLoader/Mixin) Loaded Fabric development mappings for mixin remapper!
[15:16:07] [main/INFO] (FabricLoader/Mixin) Compatibility level set to JAVA_17
[15:16:09] [main/WARN] (FileUtil) Configuration conflict: there is more than one oshi.properties file on the classpath
[15:16:09] [main/WARN] (FileUtil) Configuration conflict: there is more than one oshi.architecture.properties file on the classpath
[15:16:18] [Render thread/INFO] (Minecraft) Environment: authHost='https://authserver.mojang.com', accountsHost='https://api.mojang.com', sessionHost='https://sessionserver.mojang.com', servicesHost='https://api.minecraftservices.com', name='PROD'
[15:16:19] [Render thread/ERROR] (Minecraft) Failed to verify authentication
com.mojang.authlib.exceptions.InvalidCredentialsException: Status: 401
	at com.mojang.authlib.exceptions.MinecraftClientHttpException.toAuthenticationException(MinecraftClientHttpException.java:56) ~[authlib-3.3.39.jar:?]
	at com.mojang.authlib.yggdrasil.YggdrasilUserApiService.fetchProperties(YggdrasilUserApiService.java:132) ~[authlib-3.3.39.jar:?]
	at com.mojang.authlib.yggdrasil.YggdrasilUserApiService.<init>(YggdrasilUserApiService.java:44) ~[authlib-3.3.39.jar:?]
	at com.mojang.authlib.yggdrasil.YggdrasilAuthenticationService.createUserApiService(YggdrasilAuthenticationService.java:153) ~[authlib-3.3.39.jar:?]
	at net.minecraft.client.MinecraftClient.createUserApiService(MinecraftClient.java:680) [minecraft-project-@-merged-named.jar:?]
	at net.minecraft.client.MinecraftClient.<init>(MinecraftClient.java:424) [minecraft-project-@-merged-named.jar:?]
	at net.minecraft.client.main.Main.main(Main.java:197) [minecraft-project-@-merged-named.jar:?]
	at net.fabricmc.loader.impl.game.minecraft.MinecraftGameProvider.launch(MinecraftGameProvider.java:461) [fabric-loader-0.14.10.jar:?]
	at net.fabricmc.loader.impl.launch.knot.Knot.launch(Knot.java:74) [fabric-loader-0.14.10.jar:?]
	at net.fabricmc.loader.impl.launch.knot.KnotClient.main(KnotClient.java:23) [fabric-loader-0.14.10.jar:?]
	at net.fabricmc.devlaunchinjector.Main.main(Main.java:86) [dev-launch-injector-0.2.1+build.8.jar:?]
Caused by: com.mojang.authlib.exceptions.MinecraftClientHttpException: Status: 401
	at com.mojang.authlib.minecraft.client.MinecraftClient.readInputStream(MinecraftClient.java:80) ~[authlib-3.3.39.jar:?]
	at com.mojang.authlib.minecraft.client.MinecraftClient.get(MinecraftClient.java:48) ~[authlib-3.3.39.jar:?]
	at com.mojang.authlib.yggdrasil.YggdrasilUserApiService.fetchProperties(YggdrasilUserApiService.java:113) ~[authlib-3.3.39.jar:?]
	... 9 more
[15:16:19] [Render thread/INFO] (Minecraft) Setting user: Player28
[15:16:20] [Render thread/INFO] (BonTech) Registering Items
[15:16:22] [Render thread/INFO] (REI) [REI] Config loaded
[15:16:23] [Render thread/INFO] (REI) [REI] Registered plugin provider DefaultPlugin [roughlyenoughitems] for REIPlugin
[15:16:23] [Render thread/INFO] (REI) [REI] Registered plugin provider DefaultRuntimePlugin [roughlyenoughitems] for REIPlugin
[15:16:23] [Render thread/INFO] (REI) [REI] Registered plugin provider DefaultClientPlugin [roughlyenoughitems] for REIPlugin
[15:16:23] [Render thread/INFO] (REI) [REI] Registered plugin provider DefaultClientRuntimePlugin [roughlyenoughitems] for REIPlugin
[15:16:23] [Render thread/INFO] (REI) [REI] Registered plugin provider DefaultPlugin [roughlyenoughitems] for REIServerPlugin
[15:16:23] [Render thread/INFO] (REI) [REI] Registered plugin provider DefaultRuntimePlugin [roughlyenoughitems] for REIServerPlugin
[15:16:23] [Render thread/INFO] (REI) [REI] Registered plugin provider FabricFluidAPISupportPlugin for REIServerPlugin
[15:16:23] [Render thread/INFO] (REI) [REI] Registered plugin provider FabricFluidAPISupportPlugin for REIPlugin
[15:16:23] [Render thread/INFO] (BonTech) Registering Color Providers
[15:16:24] [Render thread/INFO] (Indigo) [Indigo] Registering Indigo renderer!
[15:16:25] [Render thread/INFO] (REI) [REI] Registered plugin provider DefaultClientPlugin [roughlyenoughitems] for REIClientPlugin
[15:16:25] [Render thread/INFO] (REI) [REI] Registered plugin provider DefaultClientRuntimePlugin [roughlyenoughitems] for REIClientPlugin
[15:16:25] [Render thread/INFO] (FabricDataGenHelper) Running data generator for bontech
[15:16:25] [Render thread/INFO] (Minecraft) Starting provider: Models
[15:16:26] [Render thread/INFO] (BonTech) Generating Models
[15:16:27] [Render thread/INFO] (Minecraft) Models finished after 1263 ms
[15:16:27] [Render thread/INFO] (Minecraft) All providers took: 1265 ms
